<?xml version="1.0" encoding="UTF-8"?>
<!-- Generated by org.testng.reporters.JUnitReportReporter -->
<testsuite skipped="0" hostname="TYSS-4F-086" name="Script.AddRemoveProductCart" tests="1" failures="0" timestamp="08 Nov 2017 05:48:22 GMT" time="65.456" errors="0">
  <testcase name="testAddRemoveProductCart" time="65.456" classname="Script.AddRemoveProductCart"/>
</testsuite> <!-- Script.AddRemoveProductCart -->
