<?xml version="1.0" encoding="UTF-8"?>
<!-- Generated by org.testng.reporters.JUnitReportReporter -->
<testsuite skipped="0" hostname="TYSS-4F-086" name="Testngannotations.VerifySignIn" tests="2" failures="0" timestamp="14 Nov 2017 05:47:05 GMT" time="58.640" errors="0">
  <testcase name="testVerifySignIn" time="34.712" classname="Testngannotations.VerifySignIn"/>
  <testcase name="testVerifySignIn" time="23.928" classname="Testngannotations.VerifySignIn"/>
</testsuite> <!-- Testngannotations.VerifySignIn -->
