<?xml version="1.0" encoding="UTF-8"?>
<!-- Generated by org.testng.reporters.JUnitReportReporter -->
<testsuite skipped="0" hostname="TYSS-4F-086" name="testpresentation.Sample1" tests="2" failures="0" timestamp="14 Nov 2017 08:03:35 GMT" time="0.016" errors="0">
  <testcase name="display" time="0.000" classname="testpresentation.Sample1"/>
  <testcase name="display" time="0.016" classname="testpresentation.Sample1"/>
</testsuite> <!-- testpresentation.Sample1 -->
