<?xml version="1.0" encoding="UTF-8"?>
<!-- Generated by org.testng.reporters.JUnitReportReporter -->
<testsuite skipped="0" hostname="TYSS-4F-086" name="testpresentation.Sample2" tests="3" failures="0" timestamp="14 Nov 2017 08:03:00 GMT" time="0.016" errors="0">
  <testcase name="Prioritytest3" time="0.016" classname="testpresentation.Sample2"/>
  <testcase name="Prioritytest1" time="0.000" classname="testpresentation.Sample2"/>
  <testcase name="Prioritytest2" time="0.000" classname="testpresentation.Sample2"/>
</testsuite> <!-- testpresentation.Sample2 -->
