<?xml version="1.0" encoding="UTF-8"?>
<!-- Generated by org.testng.reporters.JUnitReportReporter -->
<testsuite skipped="0" hostname="TYSS-4F-086" name="Script.TestngPractice" tests="5" failures="0" timestamp="14 Nov 2017 05:40:30 GMT" time="0.031" errors="0">
  <testcase name="display3" time="0.015" classname="Script.TestngPractice"/>
  <testcase name="display3" time="0.016" classname="Script.TestngPractice"/>
  <testcase name="display1" time="0.000" classname="Script.TestngPractice"/>
  <testcase name="display2" time="0.000" classname="Script.TestngPractice"/>
  <testcase name="display4" time="0.000" classname="Script.TestngPractice"/>
</testsuite> <!-- Script.TestngPractice -->
