<?xml version="1.0" encoding="UTF-8"?>
<!-- Generated by org.testng.reporters.JUnitReportReporter -->
<testsuite skipped="0" hostname="TYSS-4F-070" name="testpresentation.Sample3" tests="2" failures="0" timestamp="14 Nov 2017 11:54:15 GMT" time="0.021" errors="0">
  <testcase name="test1" time="0.018" classname="testpresentation.Sample3"/>
  <testcase name="test2" time="0.003" classname="testpresentation.Sample3"/>
</testsuite> <!-- testpresentation.Sample3 -->
