<?xml version="1.0" encoding="UTF-8"?>
<!-- Generated by org.testng.reporters.JUnitReportReporter -->
<testsuite skipped="0" hostname="TYSS-4F-086" name="Testngannotations.VerifyContactUs" tests="1" failures="0" timestamp="14 Nov 2017 05:47:05 GMT" time="25.397" errors="0">
  <testcase name="TestVerifyContactUs" time="25.397" classname="Testngannotations.VerifyContactUs"/>
</testsuite> <!-- Testngannotations.VerifyContactUs -->
